<?xml version="1.0" encoding="UTF-8"?>
<!-- Generated by org.testng.reporters.JUnitReportReporter -->
<testsuite skipped="0" hostname="DESKTOP-AMOSNVQ" name="alerts.Alert_Handling" tests="1" failures="0" timestamp="2021-03-13T22:54:49 EST" time="61.563" errors="0">
  <testcase name="alert_mesage_test" time="61.563" classname="alerts.Alert_Handling"/>
  <system-out/>
</testsuite> <!-- alerts.Alert_Handling -->
