<?xml version="1.0" encoding="UTF-8"?>
<!-- Generated by org.testng.reporters.JUnitReportReporter -->
<testsuite skipped="0" hostname="DESKTOP-AMOSNVQ" name="multiple_windows.Open_Multiple_Links_Windows" tests="1" failures="0" timestamp="2021-03-13T16:13:38 EST" time="42.230" errors="0">
  <testcase name="openMultipleLinksSimultaneously" time="42.230" classname="multiple_windows.Open_Multiple_Links_Windows"/>
  <system-out/>
</testsuite> <!-- multiple_windows.Open_Multiple_Links_Windows -->
