<?xml version="1.0" encoding="UTF-8"?>
<!-- Generated by org.testng.reporters.JUnitReportReporter -->
<testsuite skipped="0" hostname="DESKTOP-35GOPG2" name="robots.Robot_Test" tests="1" failures="0" timestamp="2021-05-02T15:24:33 EDT" time="17.326" errors="0">
  <testcase name="robot_class_test" time="17.326" classname="robots.Robot_Test"/>
  <system-out/>
</testsuite> <!-- robots.Robot_Test -->
