<?xml version="1.0" encoding="UTF-8"?>
<!-- Generated by org.testng.reporters.JUnitReportReporter -->
<testsuite skipped="0" hostname="DESKTOP-AMOSNVQ" name="assertions.Soft_Assertions_02" tests="1" failures="0" timestamp="2021-04-19T14:21:42 EDT" time="0.029" errors="0">
  <testcase name="test1" time="0.029" classname="assertions.Soft_Assertions_02"/>
  <system-out/>
</testsuite> <!-- assertions.Soft_Assertions_02 -->
