<?xml version="1.0" encoding="UTF-8"?>
<!-- Generated by org.testng.reporters.JUnitReportReporter -->
<testsuite skipped="0" hostname="DESKTOP-AMOSNVQ" name="assertions.Hard_Assertions" tests="2" failures="0" timestamp="2021-04-26T14:03:56 EDT" time="0.025" errors="0">
  <testcase name="test1" time="0.022" classname="assertions.Hard_Assertions"/>
  <system-out/>
  <testcase name="test2" time="0.003" classname="assertions.Hard_Assertions"/>
  <system-out/>
</testsuite> <!-- assertions.Hard_Assertions -->
