<?xml version="1.0" encoding="UTF-8"?>
<!-- Generated by org.testng.reporters.JUnitReportReporter -->
<testsuite skipped="0" hostname="DESKTOP-AMOSNVQ" name="javascriptexecutor.JavaScriptExecutor_Test" tests="1" failures="0" timestamp="2021-03-15T12:53:31 EDT" time="21.360" errors="0">
  <testcase name="click_using_javascriptexecutor" time="21.360" classname="javascriptexecutor.JavaScriptExecutor_Test"/>
  <system-out/>
</testsuite> <!-- javascriptexecutor.JavaScriptExecutor_Test -->
