<?xml version="1.0" encoding="UTF-8"?>
<!-- Generated by org.testng.reporters.JUnitReportReporter -->
<testsuite skipped="0" hostname="DESKTOP-AMOSNVQ" name="javascriptexecutor.Scroll_Downusing" tests="1" failures="0" timestamp="2021-03-15T13:27:39 EDT" time="6.040" errors="0">
  <testcase name="scroll_down_usin_javascript_executor" time="6.040" classname="javascriptexecutor.Scroll_Downusing"/>
  <system-out/>
</testsuite> <!-- javascriptexecutor.Scroll_Downusing -->
