<?xml version="1.0" encoding="UTF-8"?>
<!-- Generated by org.testng.reporters.JUnitReportReporter -->
<testsuite skipped="0" hostname="DESKTOP-AMOSNVQ" name="assertions.OrangeHRM_Test" tests="3" failures="0" timestamp="2021-04-27T10:50:29 EDT" time="20.536" errors="0">
  <testcase name="hubspot_Login_with_google_Test" time="5.305" classname="assertions.OrangeHRM_Test"/>
  <system-out/>
  <testcase name="hubspot_Login_with_form_Test" time="4.482" classname="assertions.OrangeHRM_Test"/>
  <system-out/>
  <testcase name="hubspot_Login_Negative_Test" time="10.749" classname="assertions.OrangeHRM_Test"/>
  <system-out/>
</testsuite> <!-- assertions.OrangeHRM_Test -->
