<?xml version="1.0" encoding="UTF-8"?>
<!-- Generated by org.testng.reporters.JUnitReportReporter -->
<testsuite skipped="0" hostname="DESKTOP-AMOSNVQ" name="javascriptexecutor.Fetch_Webpage_details" tests="1" failures="0" timestamp="2021-03-15T13:11:25 EDT" time="6.515" errors="0">
  <testcase name="fetch_webpage_details_test" time="6.515" classname="javascriptexecutor.Fetch_Webpage_details"/>
  <system-out/>
</testsuite> <!-- javascriptexecutor.Fetch_Webpage_details -->
