<?xml version="1.0" encoding="UTF-8"?>
<!-- Generated by org.testng.reporters.JUnitReportReporter -->
<testsuite skipped="0" hostname="DESKTOP-AMOSNVQ" name="robots.Robot_Test" tests="1" failures="0" timestamp="2021-03-14T23:38:12 EDT" time="19.340" errors="0">
  <testcase name="robot_class_test" time="19.340" classname="robots.Robot_Test"/>
  <system-out/>
</testsuite> <!-- robots.Robot_Test -->
